[2025-08-02 11:58:00,811] 12 utils.logging - INFO - downloading data from kaggle...
[2025-08-02 11:58:02,875] 16 utils.logging - INFO - saving raw data...
[2025-08-02 11:58:02,988] 20 utils.logging - INFO - splitting into train, test and validation
[2025-08-02 11:58:03,002] 23 utils.logging - INFO - saving train,validation
[2025-08-02 11:58:03,129] 20 utils.logging - INFO - Running preprocessing pipeline...
[2025-08-02 11:58:03,129] 77 utils.logging - INFO - Starting preprocessing pipeline...
[2025-08-02 11:58:03,129] 22 utils.logging - INFO - Reading training data for imbalance handling...
[2025-08-02 11:58:03,170] 27 utils.logging - INFO - Handling imbalance using RandomOverSampler...
[2025-08-02 11:58:03,194] 45 utils.logging - INFO - Building preprocessor pipeline...
[2025-08-02 11:58:03,194] 89 utils.logging - INFO - Fitting and transforming training data...
[2025-08-02 11:58:03,225] 94 utils.logging - INFO - Fitted preprocessor saved at model/preprocessor.pkl
[2025-08-02 11:58:03,281] 109 utils.logging - INFO - Saved preprocessed X to data/processed/X_processed.csv
[2025-08-02 11:58:03,281] 110 utils.logging - INFO - Saved target y to data/processed/y.csv
[2025-08-02 11:58:03,285] 23 utils.logging - INFO - Training model ....
[2025-08-02 11:58:03,285] 19 utils.logging - INFO - \U0001f4e5 Loading training data...
[2025-08-02 11:58:03,355] 23 utils.logging - INFO - \U0001f680 Starting MLflow run...
[2025-08-02 11:58:33,044] 46 utils.logging - INFO - \u2705 LGBMClassifier trained and logged to MLflow.
[2025-08-02 11:58:33,044] 26 utils.logging - INFO - Evaluating the model
[2025-08-02 11:58:33,044] 14 utils.logging - INFO - \U0001f50d Loading validation data...
[2025-08-02 11:58:33,093] 19 utils.logging - INFO - \U0001f4e6 Loading preprocessor and transforming validation data...
[2025-08-02 11:58:33,122] 26 utils.logging - INFO - \U0001f4e5 Loading best model from MLflow...
[2025-08-02 11:58:33,363] 68 utils.logging - ERROR - \u274c Error occurred during evaluation.
Traceback (most recent call last):
  File "C:\Users\Hp\Desktop\CustomerChurn\src\components\evaluation.py", line 29, in evaluate_model
    model = load_model("models:/LGBM/Production")
            ^^^^^^^^^^^^^^^^^^^^^^^^^^^^^^^^^^^^^
  File "C:\Users\Hp\AppData\Local\Programs\Python\Python311\Lib\site-packages\mlflow\sklearn\__init__.py", line 633, in load_model
    local_model_path = _download_artifact_from_uri(artifact_uri=model_uri, output_path=dst_path)
                       ^^^^^^^^^^^^^^^^^^^^^^^^^^^^^^^^^^^^^^^^^^^^^^^^^^^^^^^^^^^^^^^^^^^^^^^^^
  File "C:\Users\Hp\AppData\Local\Programs\Python\Python311\Lib\site-packages\mlflow\tracking\artifact_utils.py", line 108, in _download_artifact_from_uri
    repo = get_artifact_repository(artifact_uri=root_uri)
           ^^^^^^^^^^^^^^^^^^^^^^^^^^^^^^^^^^^^^^^^^^^^^^
  File "C:\Users\Hp\AppData\Local\Programs\Python\Python311\Lib\site-packages\mlflow\store\artifact\artifact_repository_registry.py", line 131, in get_artifact_repository
    return _artifact_repository_registry.get_artifact_repository(artifact_uri)
           ^^^^^^^^^^^^^^^^^^^^^^^^^^^^^^^^^^^^^^^^^^^^^^^^^^^^^^^^^^^^^^^^^^^
  File "C:\Users\Hp\AppData\Local\Programs\Python\Python311\Lib\site-packages\mlflow\store\artifact\artifact_repository_registry.py", line 76, in get_artifact_repository
    return repository(artifact_uri)
           ^^^^^^^^^^^^^^^^^^^^^^^^
  File "C:\Users\Hp\AppData\Local\Programs\Python\Python311\Lib\site-packages\mlflow\store\artifact\models_artifact_repo.py", line 69, in __init__
    ) = ModelsArtifactRepository._get_model_uri_infos(artifact_uri)
        ^^^^^^^^^^^^^^^^^^^^^^^^^^^^^^^^^^^^^^^^^^^^^^^^^^^^^^^^^^^
  File "C:\Users\Hp\AppData\Local\Programs\Python\Python311\Lib\site-packages\mlflow\store\artifact\models_artifact_repo.py", line 107, in _get_model_uri_infos
    name, version = get_model_name_and_version(client, uri)
                    ^^^^^^^^^^^^^^^^^^^^^^^^^^^^^^^^^^^^^^^
  File "C:\Users\Hp\AppData\Local\Programs\Python\Python311\Lib\site-packages\mlflow\store\artifact\utils\models.py", line 93, in get_model_name_and_version
    return model_name, str(_get_latest_model_version(client, model_name, model_stage))
                           ^^^^^^^^^^^^^^^^^^^^^^^^^^^^^^^^^^^^^^^^^^^^^^^^^^^^^^^^^^
  File "C:\Users\Hp\AppData\Local\Programs\Python\Python311\Lib\site-packages\mlflow\store\artifact\utils\models.py", line 34, in _get_latest_model_version
    raise MlflowException(f"No versions of model with name '{name}'{stage_str} found")
mlflow.exceptions.MlflowException: No versions of model with name 'LGBM' and stage 'Production' found
